{"/Users/rorschach/Documents/node/myblog/index.js":{"path":"/Users/rorschach/Documents/node/myblog/index.js","s":{"1":1,"2":1,"3":1,"4":1,"5":1,"6":1,"7":1,"8":1,"9":1,"10":1,"11":1,"12":1,"13":1,"14":1,"15":1,"16":1,"17":1,"18":1,"19":1,"20":8,"21":8,"22":8,"23":8,"24":1,"25":1,"26":1,"27":1,"28":0,"29":1,"30":1,"31":0,"32":0},"b":{"1":[1,0]},"f":{"1":8,"2":0,"3":0},"fnMap":{"1":{"name":"(anonymous_1)","line":47,"loc":{"start":{"line":47,"column":8},"end":{"line":47,"column":34}}},"2":{"name":"(anonymous_2)","line":83,"loc":{"start":{"line":83,"column":8},"end":{"line":83,"column":34}}},"3":{"name":"(anonymous_3)","line":93,"loc":{"start":{"line":93,"column":26},"end":{"line":93,"column":38}}}},"statementMap":{"1":{"start":{"line":1,"column":0},"end":{"line":1,"column":27}},"2":{"start":{"line":2,"column":0},"end":{"line":2,"column":33}},"3":{"start":{"line":3,"column":0},"end":{"line":3,"column":41}},"4":{"start":{"line":4,"column":0},"end":{"line":4,"column":51}},"5":{"start":{"line":5,"column":0},"end":{"line":5,"column":37}},"6":{"start":{"line":6,"column":0},"end":{"line":6,"column":47}},"7":{"start":{"line":7,"column":0},"end":{"line":7,"column":33}},"8":{"start":{"line":8,"column":0},"end":{"line":8,"column":31}},"9":{"start":{"line":9,"column":0},"end":{"line":9,"column":32}},"10":{"start":{"line":10,"column":0},"end":{"line":10,"column":48}},"11":{"start":{"line":12,"column":0},"end":{"line":12,"column":20}},"12":{"start":{"line":15,"column":0},"end":{"line":15,"column":48}},"13":{"start":{"line":17,"column":0},"end":{"line":17,"column":30}},"14":{"start":{"line":19,"column":0},"end":{"line":19,"column":56}},"15":{"start":{"line":21,"column":0},"end":{"line":32,"column":4}},"16":{"start":{"line":34,"column":0},"end":{"line":34,"column":17}},"17":{"start":{"line":36,"column":0},"end":{"line":39,"column":4}},"18":{"start":{"line":41,"column":0},"end":{"line":44,"column":2}},"19":{"start":{"line":47,"column":0},"end":{"line":52,"column":3}},"20":{"start":{"line":48,"column":2},"end":{"line":48,"column":37}},"21":{"start":{"line":49,"column":2},"end":{"line":49,"column":55}},"22":{"start":{"line":50,"column":2},"end":{"line":50,"column":51}},"23":{"start":{"line":51,"column":2},"end":{"line":51,"column":9}},"24":{"start":{"line":55,"column":0},"end":{"line":65,"column":4}},"25":{"start":{"line":68,"column":0},"end":{"line":68,"column":12}},"26":{"start":{"line":70,"column":0},"end":{"line":80,"column":4}},"27":{"start":{"line":83,"column":0},"end":{"line":87,"column":3}},"28":{"start":{"line":84,"column":2},"end":{"line":86,"column":5}},"29":{"start":{"line":89,"column":0},"end":{"line":96,"column":1}},"30":{"start":{"line":90,"column":2},"end":{"line":90,"column":22}},"31":{"start":{"line":93,"column":2},"end":{"line":95,"column":5}},"32":{"start":{"line":94,"column":4},"end":{"line":94,"column":64}}},"branchMap":{"1":{"line":89,"type":"if","locations":[{"start":{"line":89,"column":0},"end":{"line":89,"column":0}},{"start":{"line":89,"column":0},"end":{"line":89,"column":0}}]}}},"/Users/rorschach/Documents/node/myblog/config/default.js":{"path":"/Users/rorschach/Documents/node/myblog/config/default.js","s":{"1":1},"b":{},"f":{},"fnMap":{},"statementMap":{"1":{"start":{"line":1,"column":0},"end":{"line":9,"column":4}}},"branchMap":{}},"/Users/rorschach/Documents/node/myblog/routes/index.js":{"path":"/Users/rorschach/Documents/node/myblog/routes/index.js","s":{"1":1,"2":1,"3":0,"4":1,"5":1,"6":1,"7":1,"8":1,"9":7,"10":0},"b":{"1":[0,7]},"f":{"1":1,"2":0,"3":7},"fnMap":{"1":{"name":"(anonymous_1)","line":1,"loc":{"start":{"line":1,"column":17},"end":{"line":1,"column":32}}},"2":{"name":"(anonymous_2)","line":2,"loc":{"start":{"line":2,"column":17},"end":{"line":2,"column":37}}},"3":{"name":"(anonymous_3)","line":10,"loc":{"start":{"line":10,"column":12},"end":{"line":10,"column":32}}}},"statementMap":{"1":{"start":{"line":1,"column":0},"end":{"line":16,"column":4}},"2":{"start":{"line":2,"column":4},"end":{"line":4,"column":7}},"3":{"start":{"line":3,"column":6},"end":{"line":3,"column":30}},"4":{"start":{"line":5,"column":4},"end":{"line":5,"column":44}},"5":{"start":{"line":6,"column":4},"end":{"line":6,"column":44}},"6":{"start":{"line":7,"column":4},"end":{"line":7,"column":46}},"7":{"start":{"line":8,"column":4},"end":{"line":8,"column":42}},"8":{"start":{"line":10,"column":4},"end":{"line":14,"column":7}},"9":{"start":{"line":11,"column":6},"end":{"line":13,"column":7}},"10":{"start":{"line":12,"column":8},"end":{"line":12,"column":38}}},"branchMap":{"1":{"line":11,"type":"if","locations":[{"start":{"line":11,"column":6},"end":{"line":11,"column":6}},{"start":{"line":11,"column":6},"end":{"line":11,"column":6}}]}}},"/Users/rorschach/Documents/node/myblog/routes/signup.js":{"path":"/Users/rorschach/Documents/node/myblog/routes/signup.js","s":{"1":1,"2":1,"3":1,"4":1,"5":1,"6":1,"7":1,"8":1,"9":3,"10":1,"11":4,"12":4,"13":4,"14":4,"15":4,"16":4,"17":4,"18":4,"19":1,"20":3,"21":1,"22":2,"23":0,"24":2,"25":0,"26":2,"27":0,"28":2,"29":0,"30":2,"31":2,"32":2,"33":2,"34":2,"35":2,"36":1,"37":1,"38":1,"39":1,"40":1,"41":1,"42":1,"43":1,"44":1,"45":0,"46":1},"b":{"1":[1,3],"2":[4,3],"3":[1,2],"4":[0,2],"5":[2,2],"6":[0,2],"7":[0,2],"8":[0,2],"9":[1,0]},"f":{"1":3,"2":4,"3":1,"4":1},"fnMap":{"1":{"name":"(anonymous_1)","line":11,"loc":{"start":{"line":11,"column":31},"end":{"line":11,"column":56}}},"2":{"name":"(anonymous_2)","line":16,"loc":{"start":{"line":16,"column":32},"end":{"line":16,"column":57}}},"3":{"name":"(anonymous_3)","line":64,"loc":{"start":{"line":64,"column":10},"end":{"line":64,"column":28}}},"4":{"name":"(anonymous_4)","line":75,"loc":{"start":{"line":75,"column":11},"end":{"line":75,"column":24}}}},"statementMap":{"1":{"start":{"line":1,"column":0},"end":{"line":1,"column":23}},"2":{"start":{"line":2,"column":0},"end":{"line":2,"column":27}},"3":{"start":{"line":3,"column":0},"end":{"line":3,"column":27}},"4":{"start":{"line":4,"column":0},"end":{"line":4,"column":33}},"5":{"start":{"line":5,"column":0},"end":{"line":5,"column":30}},"6":{"start":{"line":7,"column":0},"end":{"line":7,"column":43}},"7":{"start":{"line":8,"column":0},"end":{"line":8,"column":66}},"8":{"start":{"line":11,"column":0},"end":{"line":13,"column":3}},"9":{"start":{"line":12,"column":2},"end":{"line":12,"column":23}},"10":{"start":{"line":16,"column":0},"end":{"line":85,"column":3}},"11":{"start":{"line":17,"column":2},"end":{"line":17,"column":29}},"12":{"start":{"line":18,"column":2},"end":{"line":18,"column":33}},"13":{"start":{"line":19,"column":2},"end":{"line":19,"column":27}},"14":{"start":{"line":20,"column":2},"end":{"line":20,"column":59}},"15":{"start":{"line":21,"column":2},"end":{"line":21,"column":37}},"16":{"start":{"line":22,"column":2},"end":{"line":22,"column":41}},"17":{"start":{"line":25,"column":2},"end":{"line":49,"column":3}},"18":{"start":{"line":26,"column":4},"end":{"line":28,"column":5}},"19":{"start":{"line":27,"column":6},"end":{"line":27,"column":41}},"20":{"start":{"line":29,"column":4},"end":{"line":31,"column":5}},"21":{"start":{"line":30,"column":6},"end":{"line":30,"column":39}},"22":{"start":{"line":32,"column":4},"end":{"line":34,"column":5}},"23":{"start":{"line":33,"column":6},"end":{"line":33,"column":43}},"24":{"start":{"line":35,"column":4},"end":{"line":37,"column":5}},"25":{"start":{"line":36,"column":6},"end":{"line":36,"column":30}},"26":{"start":{"line":38,"column":4},"end":{"line":40,"column":5}},"27":{"start":{"line":39,"column":6},"end":{"line":39,"column":36}},"28":{"start":{"line":41,"column":4},"end":{"line":43,"column":5}},"29":{"start":{"line":42,"column":6},"end":{"line":42,"column":35}},"30":{"start":{"line":46,"column":4},"end":{"line":46,"column":37}},"31":{"start":{"line":47,"column":4},"end":{"line":47,"column":34}},"32":{"start":{"line":48,"column":4},"end":{"line":48,"column":35}},"33":{"start":{"line":52,"column":2},"end":{"line":52,"column":28}},"34":{"start":{"line":55,"column":2},"end":{"line":61,"column":4}},"35":{"start":{"line":63,"column":2},"end":{"line":84,"column":7}},"36":{"start":{"line":66,"column":6},"end":{"line":66,"column":27}},"37":{"start":{"line":68,"column":6},"end":{"line":68,"column":27}},"38":{"start":{"line":69,"column":6},"end":{"line":69,"column":30}},"39":{"start":{"line":71,"column":6},"end":{"line":71,"column":35}},"40":{"start":{"line":73,"column":6},"end":{"line":73,"column":29}},"41":{"start":{"line":77,"column":6},"end":{"line":77,"column":39}},"42":{"start":{"line":79,"column":6},"end":{"line":82,"column":7}},"43":{"start":{"line":80,"column":8},"end":{"line":80,"column":38}},"44":{"start":{"line":81,"column":8},"end":{"line":81,"column":39}},"45":{"start":{"line":83,"column":6},"end":{"line":83,"column":14}},"46":{"start":{"line":87,"column":0},"end":{"line":87,"column":24}}},"branchMap":{"1":{"line":26,"type":"if","locations":[{"start":{"line":26,"column":4},"end":{"line":26,"column":4}},{"start":{"line":26,"column":4},"end":{"line":26,"column":4}}]},"2":{"line":26,"type":"binary-expr","locations":[{"start":{"line":26,"column":10},"end":{"line":26,"column":26}},{"start":{"line":26,"column":30},"end":{"line":26,"column":47}}]},"3":{"line":29,"type":"if","locations":[{"start":{"line":29,"column":4},"end":{"line":29,"column":4}},{"start":{"line":29,"column":4},"end":{"line":29,"column":4}}]},"4":{"line":32,"type":"if","locations":[{"start":{"line":32,"column":4},"end":{"line":32,"column":4}},{"start":{"line":32,"column":4},"end":{"line":32,"column":4}}]},"5":{"line":32,"type":"binary-expr","locations":[{"start":{"line":32,"column":10},"end":{"line":32,"column":25}},{"start":{"line":32,"column":29},"end":{"line":32,"column":45}}]},"6":{"line":35,"type":"if","locations":[{"start":{"line":35,"column":4},"end":{"line":35,"column":4}},{"start":{"line":35,"column":4},"end":{"line":35,"column":4}}]},"7":{"line":38,"type":"if","locations":[{"start":{"line":38,"column":4},"end":{"line":38,"column":4}},{"start":{"line":38,"column":4},"end":{"line":38,"column":4}}]},"8":{"line":41,"type":"if","locations":[{"start":{"line":41,"column":4},"end":{"line":41,"column":4}},{"start":{"line":41,"column":4},"end":{"line":41,"column":4}}]},"9":{"line":79,"type":"if","locations":[{"start":{"line":79,"column":6},"end":{"line":79,"column":6}},{"start":{"line":79,"column":6},"end":{"line":79,"column":6}}]}}},"/Users/rorschach/Documents/node/myblog/models/users.js":{"path":"/Users/rorschach/Documents/node/myblog/models/users.js","s":{"1":1,"2":1,"3":2,"4":0},"b":{},"f":{"1":2,"2":0},"fnMap":{"1":{"name":"create","line":5,"loc":{"start":{"line":5,"column":10},"end":{"line":5,"column":32}}},"2":{"name":"getUserByName","line":10,"loc":{"start":{"line":10,"column":17},"end":{"line":10,"column":46}}}},"statementMap":{"1":{"start":{"line":1,"column":0},"end":{"line":1,"column":40}},"2":{"start":{"line":3,"column":0},"end":{"line":16,"column":2}},"3":{"start":{"line":6,"column":4},"end":{"line":6,"column":36}},"4":{"start":{"line":11,"column":4},"end":{"line":14,"column":14}}},"branchMap":{}},"/Users/rorschach/Documents/node/myblog/lib/mongo.js":{"path":"/Users/rorschach/Documents/node/myblog/lib/mongo.js","s":{"1":1,"2":1,"3":1,"4":1,"5":1,"6":1,"7":1,"8":1,"9":2,"10":1,"11":0,"12":0,"13":0,"14":1,"15":1,"16":1,"17":1,"18":1,"19":1,"20":1},"b":{"1":[0,0]},"f":{"1":1,"2":2,"3":0},"fnMap":{"1":{"name":"(anonymous_1)","line":11,"loc":{"start":{"line":11,"column":13},"end":{"line":11,"column":32}}},"2":{"name":"(anonymous_2)","line":12,"loc":{"start":{"line":12,"column":20},"end":{"line":12,"column":36}}},"3":{"name":"(anonymous_3)","line":17,"loc":{"start":{"line":17,"column":16},"end":{"line":17,"column":34}}}},"statementMap":{"1":{"start":{"line":1,"column":0},"end":{"line":1,"column":47}},"2":{"start":{"line":2,"column":0},"end":{"line":2,"column":37}},"3":{"start":{"line":3,"column":0},"end":{"line":3,"column":32}},"4":{"start":{"line":4,"column":0},"end":{"line":4,"column":34}},"5":{"start":{"line":6,"column":0},"end":{"line":6,"column":31}},"6":{"start":{"line":7,"column":0},"end":{"line":7,"column":59}},"7":{"start":{"line":10,"column":0},"end":{"line":23,"column":3}},"8":{"start":{"line":12,"column":4},"end":{"line":14,"column":7}},"9":{"start":{"line":13,"column":6},"end":{"line":13,"column":89}},"10":{"start":{"line":15,"column":4},"end":{"line":15,"column":19}},"11":{"start":{"line":18,"column":4},"end":{"line":20,"column":5}},"12":{"start":{"line":19,"column":6},"end":{"line":19,"column":93}},"13":{"start":{"line":21,"column":4},"end":{"line":21,"column":18}},"14":{"start":{"line":25,"column":0},"end":{"line":31,"column":3}},"15":{"start":{"line":32,"column":0},"end":{"line":32,"column":57}},"16":{"start":{"line":34,"column":0},"end":{"line":39,"column":3}},"17":{"start":{"line":40,"column":0},"end":{"line":40,"column":45}},"18":{"start":{"line":42,"column":0},"end":{"line":46,"column":3}},"19":{"start":{"line":47,"column":0},"end":{"line":47,"column":47}},"20":{"start":{"line":48,"column":0},"end":{"line":48,"column":47}}},"branchMap":{"1":{"line":18,"type":"if","locations":[{"start":{"line":18,"column":4},"end":{"line":18,"column":4}},{"start":{"line":18,"column":4},"end":{"line":18,"column":4}}]}}},"/Users/rorschach/Documents/node/myblog/middlewares/check.js":{"path":"/Users/rorschach/Documents/node/myblog/middlewares/check.js","s":{"1":1,"2":0,"3":0,"4":0,"5":0,"6":7,"7":0,"8":0,"9":7},"b":{"1":[0,0],"2":[0,7]},"f":{"1":0,"2":7},"fnMap":{"1":{"name":"checkLogin","line":2,"loc":{"start":{"line":2,"column":16},"end":{"line":2,"column":49}}},"2":{"name":"checkNotLogin","line":9,"loc":{"start":{"line":9,"column":20},"end":{"line":9,"column":56}}}},"statementMap":{"1":{"start":{"line":1,"column":0},"end":{"line":16,"column":2}},"2":{"start":{"line":3,"column":8},"end":{"line":6,"column":9}},"3":{"start":{"line":4,"column":12},"end":{"line":4,"column":37}},"4":{"start":{"line":5,"column":12},"end":{"line":5,"column":43}},"5":{"start":{"line":7,"column":8},"end":{"line":7,"column":15}},"6":{"start":{"line":10,"column":8},"end":{"line":13,"column":9}},"7":{"start":{"line":11,"column":12},"end":{"line":11,"column":37}},"8":{"start":{"line":12,"column":12},"end":{"line":12,"column":40}},"9":{"start":{"line":14,"column":8},"end":{"line":14,"column":15}}},"branchMap":{"1":{"line":3,"type":"if","locations":[{"start":{"line":3,"column":8},"end":{"line":3,"column":8}},{"start":{"line":3,"column":8},"end":{"line":3,"column":8}}]},"2":{"line":10,"type":"if","locations":[{"start":{"line":10,"column":8},"end":{"line":10,"column":8}},{"start":{"line":10,"column":8},"end":{"line":10,"column":8}}]}}},"/Users/rorschach/Documents/node/myblog/routes/signin.js":{"path":"/Users/rorschach/Documents/node/myblog/routes/signin.js","s":{"1":1,"2":1,"3":1,"4":1,"5":1,"6":1,"7":0,"8":1,"9":0,"10":0,"11":0,"12":0,"13":0,"14":0,"15":0,"16":0,"17":0,"18":0,"19":0,"20":0,"21":0,"22":1},"b":{"1":[0,0],"2":[0,0]},"f":{"1":0,"2":0,"3":0},"fnMap":{"1":{"name":"(anonymous_1)","line":9,"loc":{"start":{"line":9,"column":31},"end":{"line":9,"column":56}}},"2":{"name":"(anonymous_2)","line":14,"loc":{"start":{"line":14,"column":32},"end":{"line":14,"column":57}}},"3":{"name":"(anonymous_3)","line":19,"loc":{"start":{"line":19,"column":10},"end":{"line":19,"column":26}}}},"statementMap":{"1":{"start":{"line":1,"column":0},"end":{"line":1,"column":27}},"2":{"start":{"line":2,"column":0},"end":{"line":2,"column":33}},"3":{"start":{"line":3,"column":0},"end":{"line":3,"column":30}},"4":{"start":{"line":5,"column":0},"end":{"line":5,"column":43}},"5":{"start":{"line":6,"column":0},"end":{"line":6,"column":66}},"6":{"start":{"line":9,"column":0},"end":{"line":11,"column":3}},"7":{"start":{"line":10,"column":2},"end":{"line":10,"column":23}},"8":{"start":{"line":14,"column":0},"end":{"line":37,"column":3}},"9":{"start":{"line":15,"column":2},"end":{"line":15,"column":29}},"10":{"start":{"line":16,"column":2},"end":{"line":16,"column":37}},"11":{"start":{"line":18,"column":2},"end":{"line":36,"column":17}},"12":{"start":{"line":20,"column":6},"end":{"line":23,"column":7}},"13":{"start":{"line":21,"column":8},"end":{"line":21,"column":36}},"14":{"start":{"line":22,"column":8},"end":{"line":22,"column":36}},"15":{"start":{"line":25,"column":6},"end":{"line":28,"column":7}},"16":{"start":{"line":26,"column":8},"end":{"line":26,"column":39}},"17":{"start":{"line":27,"column":8},"end":{"line":27,"column":36}},"18":{"start":{"line":29,"column":6},"end":{"line":29,"column":35}},"19":{"start":{"line":31,"column":6},"end":{"line":31,"column":27}},"20":{"start":{"line":32,"column":6},"end":{"line":32,"column":30}},"21":{"start":{"line":34,"column":6},"end":{"line":34,"column":29}},"22":{"start":{"line":39,"column":0},"end":{"line":39,"column":24}}},"branchMap":{"1":{"line":20,"type":"if","locations":[{"start":{"line":20,"column":6},"end":{"line":20,"column":6}},{"start":{"line":20,"column":6},"end":{"line":20,"column":6}}]},"2":{"line":25,"type":"if","locations":[{"start":{"line":25,"column":6},"end":{"line":25,"column":6}},{"start":{"line":25,"column":6},"end":{"line":25,"column":6}}]}}},"/Users/rorschach/Documents/node/myblog/routes/signout.js":{"path":"/Users/rorschach/Documents/node/myblog/routes/signout.js","s":{"1":1,"2":1,"3":1,"4":1,"5":0,"6":0,"7":0,"8":1},"b":{},"f":{"1":0},"fnMap":{"1":{"name":"(anonymous_1)","line":7,"loc":{"start":{"line":7,"column":26},"end":{"line":7,"column":48}}}},"statementMap":{"1":{"start":{"line":1,"column":0},"end":{"line":1,"column":32}},"2":{"start":{"line":2,"column":0},"end":{"line":2,"column":30}},"3":{"start":{"line":4,"column":0},"end":{"line":4,"column":60}},"4":{"start":{"line":7,"column":0},"end":{"line":13,"column":3}},"5":{"start":{"line":9,"column":4},"end":{"line":9,"column":27}},"6":{"start":{"line":10,"column":4},"end":{"line":10,"column":31}},"7":{"start":{"line":12,"column":4},"end":{"line":12,"column":27}},"8":{"start":{"line":15,"column":0},"end":{"line":15,"column":22}}},"branchMap":{}},"/Users/rorschach/Documents/node/myblog/routes/posts.js":{"path":"/Users/rorschach/Documents/node/myblog/routes/posts.js","s":{"1":1,"2":1,"3":1,"4":1,"5":1,"6":1,"7":1,"8":1,"9":1,"10":1,"11":0,"12":1,"13":0,"14":0,"15":0,"16":0,"17":0,"18":0,"19":0,"20":0,"21":0,"22":0,"23":0,"24":0,"25":0,"26":0,"27":0,"28":1,"29":0,"30":0,"31":0,"32":0,"33":0,"34":0,"35":0,"36":1,"37":0,"38":0,"39":0,"40":0,"41":0,"42":0,"43":0,"44":0,"45":1,"46":0,"47":0,"48":0,"49":0,"50":0,"51":0,"52":0,"53":1,"54":0,"55":0,"56":0,"57":0,"58":0,"59":1,"60":0,"61":0,"62":0,"63":0,"64":0,"65":0,"66":0,"67":1,"68":0,"69":0,"70":0,"71":0,"72":0,"73":1},"b":{"1":[0,0],"2":[0,0],"3":[0,0],"4":[0,0],"5":[0,0]},"f":{"1":1,"2":1,"3":0,"4":0,"5":0,"6":0,"7":0,"8":0,"9":0,"10":0,"11":0,"12":0,"13":0,"14":0,"15":0,"16":0,"17":0},"fnMap":{"1":{"name":"(anonymous_1)","line":9,"loc":{"start":{"line":9,"column":16},"end":{"line":9,"column":41}}},"2":{"name":"(anonymous_2)","line":13,"loc":{"start":{"line":13,"column":12},"end":{"line":13,"column":29}}},"3":{"name":"(anonymous_3)","line":23,"loc":{"start":{"line":23,"column":34},"end":{"line":23,"column":59}}},"4":{"name":"(anonymous_4)","line":28,"loc":{"start":{"line":28,"column":29},"end":{"line":28,"column":54}}},"5":{"name":"(anonymous_5)","line":54,"loc":{"start":{"line":54,"column":10},"end":{"line":54,"column":28}}},"6":{"name":"(anonymous_6)","line":64,"loc":{"start":{"line":64,"column":23},"end":{"line":64,"column":48}}},"7":{"name":"(anonymous_7)","line":72,"loc":{"start":{"line":72,"column":8},"end":{"line":72,"column":26}}},"8":{"name":"(anonymous_8)","line":90,"loc":{"start":{"line":90,"column":38},"end":{"line":90,"column":60}}},"9":{"name":"(anonymous_9)","line":95,"loc":{"start":{"line":95,"column":12},"end":{"line":95,"column":26}}},"10":{"name":"(anonymous_10)","line":109,"loc":{"start":{"line":109,"column":39},"end":{"line":109,"column":61}}},"11":{"name":"(anonymous_11)","line":116,"loc":{"start":{"line":116,"column":8},"end":{"line":116,"column":18}}},"12":{"name":"(anonymous_12)","line":125,"loc":{"start":{"line":125,"column":40},"end":{"line":125,"column":62}}},"13":{"name":"(anonymous_13)","line":130,"loc":{"start":{"line":130,"column":8},"end":{"line":130,"column":18}}},"14":{"name":"(anonymous_14)","line":139,"loc":{"start":{"line":139,"column":44},"end":{"line":139,"column":69}}},"15":{"name":"(anonymous_15)","line":150,"loc":{"start":{"line":150,"column":10},"end":{"line":150,"column":22}}},"16":{"name":"(anonymous_16)","line":159,"loc":{"start":{"line":159,"column":61},"end":{"line":159,"column":86}}},"17":{"name":"(anonymous_17)","line":164,"loc":{"start":{"line":164,"column":10},"end":{"line":164,"column":22}}}},"statementMap":{"1":{"start":{"line":1,"column":0},"end":{"line":1,"column":33}},"2":{"start":{"line":2,"column":0},"end":{"line":2,"column":30}},"3":{"start":{"line":3,"column":0},"end":{"line":3,"column":42}},"4":{"start":{"line":4,"column":0},"end":{"line":4,"column":48}},"5":{"start":{"line":5,"column":0},"end":{"line":5,"column":60}},"6":{"start":{"line":9,"column":0},"end":{"line":19,"column":5}},"7":{"start":{"line":10,"column":4},"end":{"line":10,"column":34}},"8":{"start":{"line":12,"column":4},"end":{"line":18,"column":19}},"9":{"start":{"line":14,"column":8},"end":{"line":16,"column":11}},"10":{"start":{"line":23,"column":0},"end":{"line":25,"column":3}},"11":{"start":{"line":24,"column":2},"end":{"line":24,"column":23}},"12":{"start":{"line":28,"column":0},"end":{"line":62,"column":3}},"13":{"start":{"line":29,"column":2},"end":{"line":29,"column":36}},"14":{"start":{"line":30,"column":2},"end":{"line":30,"column":31}},"15":{"start":{"line":31,"column":2},"end":{"line":31,"column":35}},"16":{"start":{"line":34,"column":2},"end":{"line":44,"column":3}},"17":{"start":{"line":35,"column":4},"end":{"line":37,"column":5}},"18":{"start":{"line":36,"column":6},"end":{"line":36,"column":31}},"19":{"start":{"line":38,"column":4},"end":{"line":40,"column":5}},"20":{"start":{"line":39,"column":6},"end":{"line":39,"column":31}},"21":{"start":{"line":42,"column":4},"end":{"line":42,"column":34}},"22":{"start":{"line":43,"column":4},"end":{"line":43,"column":32}},"23":{"start":{"line":46,"column":2},"end":{"line":51,"column":4}},"24":{"start":{"line":53,"column":2},"end":{"line":61,"column":17}},"25":{"start":{"line":56,"column":6},"end":{"line":56,"column":27}},"26":{"start":{"line":57,"column":6},"end":{"line":57,"column":35}},"27":{"start":{"line":59,"column":6},"end":{"line":59,"column":41}},"28":{"start":{"line":64,"column":0},"end":{"line":85,"column":3}},"29":{"start":{"line":65,"column":2},"end":{"line":65,"column":33}},"30":{"start":{"line":67,"column":2},"end":{"line":84,"column":15}},"31":{"start":{"line":73,"column":4},"end":{"line":73,"column":25}},"32":{"start":{"line":74,"column":4},"end":{"line":74,"column":28}},"33":{"start":{"line":75,"column":4},"end":{"line":77,"column":5}},"34":{"start":{"line":76,"column":6},"end":{"line":76,"column":32}},"35":{"start":{"line":79,"column":4},"end":{"line":82,"column":7}},"36":{"start":{"line":90,"column":0},"end":{"line":106,"column":3}},"37":{"start":{"line":91,"column":4},"end":{"line":91,"column":34}},"38":{"start":{"line":92,"column":4},"end":{"line":92,"column":38}},"39":{"start":{"line":94,"column":4},"end":{"line":105,"column":21}},"40":{"start":{"line":96,"column":8},"end":{"line":98,"column":9}},"41":{"start":{"line":97,"column":10},"end":{"line":97,"column":36}},"42":{"start":{"line":99,"column":8},"end":{"line":101,"column":9}},"43":{"start":{"line":100,"column":10},"end":{"line":100,"column":34}},"44":{"start":{"line":102,"column":8},"end":{"line":104,"column":11}},"45":{"start":{"line":109,"column":0},"end":{"line":122,"column":3}},"46":{"start":{"line":110,"column":2},"end":{"line":110,"column":33}},"47":{"start":{"line":111,"column":2},"end":{"line":111,"column":36}},"48":{"start":{"line":112,"column":2},"end":{"line":112,"column":31}},"49":{"start":{"line":113,"column":2},"end":{"line":113,"column":35}},"50":{"start":{"line":115,"column":2},"end":{"line":121,"column":15}},"51":{"start":{"line":117,"column":4},"end":{"line":117,"column":34}},"52":{"start":{"line":119,"column":4},"end":{"line":119,"column":39}},"53":{"start":{"line":125,"column":0},"end":{"line":136,"column":3}},"54":{"start":{"line":126,"column":2},"end":{"line":126,"column":33}},"55":{"start":{"line":127,"column":2},"end":{"line":127,"column":36}},"56":{"start":{"line":129,"column":2},"end":{"line":134,"column":17}},"57":{"start":{"line":131,"column":4},"end":{"line":131,"column":32}},"58":{"start":{"line":133,"column":4},"end":{"line":133,"column":27}},"59":{"start":{"line":139,"column":0},"end":{"line":156,"column":3}},"60":{"start":{"line":140,"column":2},"end":{"line":140,"column":36}},"61":{"start":{"line":141,"column":2},"end":{"line":141,"column":33}},"62":{"start":{"line":142,"column":2},"end":{"line":142,"column":35}},"63":{"start":{"line":143,"column":2},"end":{"line":147,"column":4}},"64":{"start":{"line":149,"column":2},"end":{"line":155,"column":17}},"65":{"start":{"line":151,"column":6},"end":{"line":151,"column":35}},"66":{"start":{"line":153,"column":6},"end":{"line":153,"column":27}},"67":{"start":{"line":159,"column":0},"end":{"line":170,"column":3}},"68":{"start":{"line":160,"column":2},"end":{"line":160,"column":39}},"69":{"start":{"line":161,"column":2},"end":{"line":161,"column":36}},"70":{"start":{"line":163,"column":2},"end":{"line":169,"column":17}},"71":{"start":{"line":165,"column":6},"end":{"line":165,"column":37}},"72":{"start":{"line":167,"column":6},"end":{"line":167,"column":27}},"73":{"start":{"line":171,"column":0},"end":{"line":171,"column":22}}},"branchMap":{"1":{"line":35,"type":"if","locations":[{"start":{"line":35,"column":4},"end":{"line":35,"column":4}},{"start":{"line":35,"column":4},"end":{"line":35,"column":4}}]},"2":{"line":38,"type":"if","locations":[{"start":{"line":38,"column":4},"end":{"line":38,"column":4}},{"start":{"line":38,"column":4},"end":{"line":38,"column":4}}]},"3":{"line":75,"type":"if","locations":[{"start":{"line":75,"column":4},"end":{"line":75,"column":4}},{"start":{"line":75,"column":4},"end":{"line":75,"column":4}}]},"4":{"line":96,"type":"if","locations":[{"start":{"line":96,"column":8},"end":{"line":96,"column":8}},{"start":{"line":96,"column":8},"end":{"line":96,"column":8}}]},"5":{"line":99,"type":"if","locations":[{"start":{"line":99,"column":8},"end":{"line":99,"column":8}},{"start":{"line":99,"column":8},"end":{"line":99,"column":8}}]}}},"/Users/rorschach/Documents/node/myblog/models/posts.js":{"path":"/Users/rorschach/Documents/node/myblog/models/posts.js","s":{"1":1,"2":1,"3":1,"4":1,"5":1,"6":2,"7":2,"8":2,"9":0,"10":0,"11":0,"12":0,"13":0,"14":1,"15":1,"16":2,"17":2,"18":0,"19":0,"20":0,"21":1,"22":0,"23":0,"24":1,"25":1,"26":0,"27":1,"28":0,"29":0,"30":0,"31":0,"32":0,"33":0},"b":{"1":[0,0],"2":[0,0],"3":[0,1],"4":[0,0],"5":[0,0]},"f":{"1":1,"2":2,"3":2,"4":0,"5":0,"6":1,"7":2,"8":0,"9":0,"10":0,"11":1,"12":0,"13":0,"14":0,"15":0,"16":0},"fnMap":{"1":{"name":"(anonymous_1)","line":7,"loc":{"start":{"line":7,"column":13},"end":{"line":7,"column":30}}},"2":{"name":"(anonymous_2)","line":8,"loc":{"start":{"line":8,"column":33},"end":{"line":8,"column":49}}},"3":{"name":"(anonymous_3)","line":9,"loc":{"start":{"line":9,"column":58},"end":{"line":9,"column":83}}},"4":{"name":"(anonymous_4)","line":15,"loc":{"start":{"line":15,"column":16},"end":{"line":15,"column":32}}},"5":{"name":"(anonymous_5)","line":17,"loc":{"start":{"line":17,"column":58},"end":{"line":17,"column":75}}},"6":{"name":"(anonymous_6)","line":27,"loc":{"start":{"line":27,"column":13},"end":{"line":27,"column":30}}},"7":{"name":"(anonymous_7)","line":28,"loc":{"start":{"line":28,"column":21},"end":{"line":28,"column":37}}},"8":{"name":"(anonymous_8)","line":33,"loc":{"start":{"line":33,"column":16},"end":{"line":33,"column":32}}},"9":{"name":"create","line":43,"loc":{"start":{"line":43,"column":10},"end":{"line":43,"column":32}}},"10":{"name":"getPostById","line":48,"loc":{"start":{"line":48,"column":15},"end":{"line":48,"column":44}}},"11":{"name":"getPosts","line":59,"loc":{"start":{"line":59,"column":12},"end":{"line":59,"column":38}}},"12":{"name":"getRawPostById","line":74,"loc":{"start":{"line":74,"column":16},"end":{"line":74,"column":48}}},"13":{"name":"updatePostById","line":82,"loc":{"start":{"line":82,"column":16},"end":{"line":82,"column":62}}},"14":{"name":"delPostById","line":87,"loc":{"start":{"line":87,"column":13},"end":{"line":87,"column":50}}},"15":{"name":"(anonymous_15)","line":89,"loc":{"start":{"line":89,"column":8},"end":{"line":89,"column":21}}},"16":{"name":"incPv","line":99,"loc":{"start":{"line":99,"column":9},"end":{"line":99,"column":32}}}},"statementMap":{"1":{"start":{"line":1,"column":0},"end":{"line":1,"column":31}},"2":{"start":{"line":2,"column":0},"end":{"line":2,"column":40}},"3":{"start":{"line":3,"column":0},"end":{"line":3,"column":41}},"4":{"start":{"line":6,"column":0},"end":{"line":24,"column":3}},"5":{"start":{"line":8,"column":4},"end":{"line":13,"column":8}},"6":{"start":{"line":9,"column":6},"end":{"line":12,"column":9}},"7":{"start":{"line":10,"column":8},"end":{"line":10,"column":43}},"8":{"start":{"line":11,"column":8},"end":{"line":11,"column":20}},"9":{"start":{"line":16,"column":4},"end":{"line":21,"column":5}},"10":{"start":{"line":17,"column":6},"end":{"line":20,"column":9}},"11":{"start":{"line":18,"column":8},"end":{"line":18,"column":35}},"12":{"start":{"line":19,"column":8},"end":{"line":19,"column":20}},"13":{"start":{"line":22,"column":4},"end":{"line":22,"column":16}},"14":{"start":{"line":26,"column":0},"end":{"line":39,"column":3}},"15":{"start":{"line":28,"column":4},"end":{"line":31,"column":7}},"16":{"start":{"line":29,"column":6},"end":{"line":29,"column":42}},"17":{"start":{"line":30,"column":6},"end":{"line":30,"column":18}},"18":{"start":{"line":34,"column":4},"end":{"line":36,"column":5}},"19":{"start":{"line":35,"column":6},"end":{"line":35,"column":42}},"20":{"start":{"line":37,"column":4},"end":{"line":37,"column":16}},"21":{"start":{"line":41,"column":0},"end":{"line":104,"column":2}},"22":{"start":{"line":44,"column":4},"end":{"line":44,"column":36}},"23":{"start":{"line":49,"column":4},"end":{"line":55,"column":14}},"24":{"start":{"line":60,"column":4},"end":{"line":60,"column":19}},"25":{"start":{"line":61,"column":4},"end":{"line":63,"column":5}},"26":{"start":{"line":62,"column":6},"end":{"line":62,"column":28}},"27":{"start":{"line":64,"column":4},"end":{"line":71,"column":14}},"28":{"start":{"line":75,"column":2},"end":{"line":78,"column":12}},"29":{"start":{"line":83,"column":2},"end":{"line":83,"column":77}},"30":{"start":{"line":88,"column":2},"end":{"line":94,"column":5}},"31":{"start":{"line":91,"column":4},"end":{"line":93,"column":5}},"32":{"start":{"line":92,"column":6},"end":{"line":92,"column":54}},"33":{"start":{"line":100,"column":4},"end":{"line":102,"column":14}}},"branchMap":{"1":{"line":16,"type":"if","locations":[{"start":{"line":16,"column":4},"end":{"line":16,"column":4}},{"start":{"line":16,"column":4},"end":{"line":16,"column":4}}]},"2":{"line":34,"type":"if","locations":[{"start":{"line":34,"column":4},"end":{"line":34,"column":4}},{"start":{"line":34,"column":4},"end":{"line":34,"column":4}}]},"3":{"line":61,"type":"if","locations":[{"start":{"line":61,"column":4},"end":{"line":61,"column":4}},{"start":{"line":61,"column":4},"end":{"line":61,"column":4}}]},"4":{"line":91,"type":"if","locations":[{"start":{"line":91,"column":4},"end":{"line":91,"column":4}},{"start":{"line":91,"column":4},"end":{"line":91,"column":4}}]},"5":{"line":91,"type":"binary-expr","locations":[{"start":{"line":91,"column":7},"end":{"line":91,"column":20}},{"start":{"line":91,"column":22},"end":{"line":91,"column":36}}]}}},"/Users/rorschach/Documents/node/myblog/models/comments.js":{"path":"/Users/rorschach/Documents/node/myblog/models/comments.js","s":{"1":1,"2":1,"3":1,"4":0,"5":0,"6":0,"7":1,"8":0,"9":0,"10":0,"11":0,"12":2},"b":{},"f":{"1":0,"2":0,"3":0,"4":0,"5":0,"6":0,"7":2},"fnMap":{"1":{"name":"(anonymous_1)","line":6,"loc":{"start":{"line":6,"column":13},"end":{"line":6,"column":33}}},"2":{"name":"(anonymous_2)","line":7,"loc":{"start":{"line":7,"column":24},"end":{"line":7,"column":43}}},"3":{"name":"create","line":16,"loc":{"start":{"line":16,"column":10},"end":{"line":16,"column":35}}},"4":{"name":"delCommentById","line":21,"loc":{"start":{"line":21,"column":18},"end":{"line":21,"column":61}}},"5":{"name":"delCommentsByPostId","line":26,"loc":{"start":{"line":26,"column":23},"end":{"line":26,"column":60}}},"6":{"name":"getComments","line":31,"loc":{"start":{"line":31,"column":15},"end":{"line":31,"column":44}}},"7":{"name":"getCommentsCount","line":42,"loc":{"start":{"line":42,"column":20},"end":{"line":42,"column":54}}}},"statementMap":{"1":{"start":{"line":1,"column":0},"end":{"line":1,"column":31}},"2":{"start":{"line":2,"column":0},"end":{"line":2,"column":46}},"3":{"start":{"line":5,"column":0},"end":{"line":12,"column":3}},"4":{"start":{"line":7,"column":4},"end":{"line":10,"column":7}},"5":{"start":{"line":8,"column":6},"end":{"line":8,"column":48}},"6":{"start":{"line":9,"column":6},"end":{"line":9,"column":21}},"7":{"start":{"line":14,"column":0},"end":{"line":45,"column":2}},"8":{"start":{"line":17,"column":4},"end":{"line":17,"column":42}},"9":{"start":{"line":22,"column":4},"end":{"line":22,"column":69}},"10":{"start":{"line":27,"column":4},"end":{"line":27,"column":53}},"11":{"start":{"line":32,"column":4},"end":{"line":38,"column":14}},"12":{"start":{"line":43,"column":4},"end":{"line":43,"column":52}}},"branchMap":{}}}